<?xml version="1.0" encoding="UTF-8"?>
<!-- Generated by org.testng.reporters.JUnitReportReporter -->
<testsuite hostname="mindc1d373" failures="0" tests="1" name="Com.Mindtree.Project.CompreAss.Testcase3" time="14.947" errors="0" timestamp="25 May 2022 06:15:01 GMT" skipped="0">
  <testcase classname="Com.Mindtree.Project.CompreAss.Testcase3" name="Test3" time="14.947"/>
</testsuite> <!-- Com.Mindtree.Project.CompreAss.Testcase3 -->
