<?xml version="1.0" encoding="UTF-8"?>
<!-- Generated by org.testng.reporters.JUnitReportReporter -->
<testsuite hostname="mindc1d373" failures="0" tests="1" name="Com.Mindtree.Project.CompreAss.Testcase2" time="4.413" errors="0" timestamp="25 May 2022 06:12:57 GMT" skipped="0">
  <testcase classname="Com.Mindtree.Project.CompreAss.Testcase2" name="Test2" time="4.413"/>
</testsuite> <!-- Com.Mindtree.Project.CompreAss.Testcase2 -->
